<?xml version='1.0' encoding='UTF-8'?>
<rdf:RDF xmlns:rdf='http://www.w3.org/1999/02/22-rdf-syntax-ns#'>

<rdf:Description rdf:about='tests/media-samples/image/test-tags-1.jpg'
  xmlns:et='http://ns.exiftool.org/1.0/' et:toolkit='Image::ExifTool 13.10'
  xmlns:ExifTool='http://ns.exiftool.org/ExifTool/1.0/'
  xmlns:System='http://ns.exiftool.org/File/System/1.0/'
  xmlns:File='http://ns.exiftool.org/File/1.0/'
  xmlns:JFIF='http://ns.exiftool.org/JFIF/JFIF/1.0/'
  xmlns:IFD0='http://ns.exiftool.org/EXIF/IFD0/1.0/'
  xmlns:ExifIFD='http://ns.exiftool.org/EXIF/ExifIFD/1.0/'
  xmlns:IFD1='http://ns.exiftool.org/EXIF/IFD1/1.0/'
  xmlns:XMP-exif='http://ns.exiftool.org/XMP/XMP-exif/1.0/'
  xmlns:Composite='http://ns.exiftool.org/Composite/1.0/'>
 <ExifTool:ExifToolVersion et:id='ExifToolVersion' et:table='Extra'>13.10</ExifTool:ExifToolVersion>
 <System:FileName et:id='FileName' et:table='Extra'>test-tags-1.jpg</System:FileName>
 <System:Directory et:id='Directory' et:table='Extra'>tests/media-samples/image</System:Directory>
 <System:FileSize et:id='FileSize' et:table='Extra'>4385</System:FileSize>
 <System:FileModifyDate et:id='FileModifyDate' et:table='Extra'>2025:01:26 17:36:33+01:00</System:FileModifyDate>
 <System:FileAccessDate et:id='FileAccessDate' et:table='Extra'>2025:01:26 23:33:09+01:00</System:FileAccessDate>
 <System:FileInodeChangeDate et:id='FileInodeChangeDate' et:table='Extra'>2025:01:26 17:36:33+01:00</System:FileInodeChangeDate>
 <System:FilePermissions et:id='FilePermissions' et:table='Extra'>100644</System:FilePermissions>
 <File:FileType et:id='FileType' et:table='Extra'>JPEG</File:FileType>
 <File:FileTypeExtension et:id='FileTypeExtension' et:table='Extra'>JPG</File:FileTypeExtension>
 <File:MIMEType et:id='MIMEType' et:table='Extra'>image/jpeg</File:MIMEType>
 <File:ExifByteOrder et:id='ExifByteOrder' et:table='Extra'>MM</File:ExifByteOrder>
 <File:Comment et:id='Comment' et:table='Extra'>Created with GIMP</File:Comment>
 <File:ImageWidth et:id='ImageWidth' et:table='JPEG::SOF'>320</File:ImageWidth>
 <File:ImageHeight et:id='ImageHeight' et:table='JPEG::SOF'>200</File:ImageHeight>
 <File:EncodingProcess et:id='EncodingProcess' et:table='JPEG::SOF'>2</File:EncodingProcess>
 <File:BitsPerSample et:id='BitsPerSample' et:table='JPEG::SOF'>8</File:BitsPerSample>
 <File:ColorComponents et:id='ColorComponents' et:table='JPEG::SOF'>3</File:ColorComponents>
 <File:YCbCrSubSampling et:id='YCbCrSubSampling' et:table='JPEG::SOF'>1 1</File:YCbCrSubSampling>
 <JFIF:JFIFVersion et:id='0' et:table='JFIF::Main'>1 1</JFIF:JFIFVersion>
 <JFIF:ResolutionUnit et:id='2' et:table='JFIF::Main'>1</JFIF:ResolutionUnit>
 <JFIF:XResolution et:id='3' et:table='JFIF::Main'>72</JFIF:XResolution>
 <JFIF:YResolution et:id='5' et:table='JFIF::Main'>72</JFIF:YResolution>
 <IFD0:XResolution et:id='282' et:table='Exif::Main'>72</IFD0:XResolution>
 <IFD0:YResolution et:id='283' et:table='Exif::Main'>72</IFD0:YResolution>
 <IFD0:ResolutionUnit et:id='296' et:table='Exif::Main'>2</IFD0:ResolutionUnit>
 <IFD0:ModifyDate et:id='306' et:table='Exif::Main'>1970:01:01 00:00:00</IFD0:ModifyDate>
 <IFD0:RatingPercent et:id='18249' et:table='Exif::Main'>78</IFD0:RatingPercent>
 <ExifIFD:ExifVersion et:id='36864' et:table='Exif::Main'>0210</ExifIFD:ExifVersion>
 <ExifIFD:DateTimeOriginal et:id='36867' et:table='Exif::Main'>1970:01:01 00:00:00</ExifIFD:DateTimeOriginal>
 <ExifIFD:CreateDate et:id='36868' et:table='Exif::Main'>1970:01:01 00:00:00</ExifIFD:CreateDate>
 <ExifIFD:OffsetTime et:id='36880' et:table='Exif::Main'>-09:00</ExifIFD:OffsetTime>
 <ExifIFD:OffsetTimeOriginal et:id='36881' et:table='Exif::Main'>-11:00</ExifIFD:OffsetTimeOriginal>
 <ExifIFD:OffsetTimeDigitized et:id='36882' et:table='Exif::Main'>-10:00</ExifIFD:OffsetTimeDigitized>
 <ExifIFD:FlashpixVersion et:id='40960' et:table='Exif::Main'>0100</ExifIFD:FlashpixVersion>
 <ExifIFD:ColorSpace et:id='40961' et:table='Exif::Main'>65535</ExifIFD:ColorSpace>
 <IFD1:Compression et:id='259' et:table='Exif::Main'>0</IFD1:Compression>
 <IFD1:XResolution et:id='282' et:table='Exif::Main'>72</IFD1:XResolution>
 <IFD1:YResolution et:id='283' et:table='Exif::Main'>72</IFD1:YResolution>
 <IFD1:ResolutionUnit et:id='296' et:table='Exif::Main'>2</IFD1:ResolutionUnit>
 <IFD1:ThumbnailOffset et:id='513' et:table='Exif::Main' et:index='0'>412</IFD1:ThumbnailOffset>
 <IFD1:ThumbnailLength et:id='514' et:table='Exif::Main' et:index='0'>1255</IFD1:ThumbnailLength>
 <IFD1:ThumbnailImage et:id='Exif-ThumbnailImage' et:table='Composite'>(Binary data 1255 bytes, use -b option to extract)</IFD1:ThumbnailImage>
 <XMP-exif:XResolution et:id='XResolution' et:table='XMP::exif'>72</XMP-exif:XResolution>
 <XMP-exif:YResolution et:id='YResolution' et:table='XMP::exif'>72</XMP-exif:YResolution>
 <XMP-exif:ResolutionUnit et:id='ResolutionUnit' et:table='XMP::exif'>дюйм</XMP-exif:ResolutionUnit>
 <XMP-exif:Compression et:id='Compression' et:table='XMP::exif'>Internal error (unknown value 0)</XMP-exif:Compression>
 <XMP-exif:XResolution et:id='XResolution' et:table='XMP::exif'>72</XMP-exif:XResolution>
 <XMP-exif:YResolution et:id='YResolution' et:table='XMP::exif'>72</XMP-exif:YResolution>
 <XMP-exif:ResolutionUnit et:id='ResolutionUnit' et:table='XMP::exif'>дюйм</XMP-exif:ResolutionUnit>
 <XMP-exif:ExifVersion et:id='ExifVersion' et:table='XMP::exif'>Exif Version 2.1</XMP-exif:ExifVersion>
 <XMP-exif:FlashPixVersion et:id='FlashPixVersion' et:table='XMP::exif'>FlashPix Version 1.0</XMP-exif:FlashPixVersion>
 <XMP-exif:ColorSpace et:id='ColorSpace' et:table='XMP::exif'>Internal error (unknown value 65535)</XMP-exif:ColorSpace>
 <Composite:ImageSize et:id='Exif-ImageSize' et:table='Composite'>320 200</Composite:ImageSize>
 <Composite:Megapixels et:id='Exif-Megapixels' et:table='Composite'>0.064</Composite:Megapixels>
 <Composite:SubSecCreateDate et:id='Exif-SubSecCreateDate' et:table='Composite'>1970:01:01 00:00:00-10:00</Composite:SubSecCreateDate>
 <Composite:SubSecDateTimeOriginal et:id='Exif-SubSecDateTimeOriginal' et:table='Composite'>1970:01:01 00:00:00-11:00</Composite:SubSecDateTimeOriginal>
 <Composite:SubSecModifyDate et:id='Exif-SubSecModifyDate' et:table='Composite'>1970:01:01 00:00:00-09:00</Composite:SubSecModifyDate>
</rdf:Description>
</rdf:RDF>
